<?xml version="1.0" encoding="UTF-8"?>
<!-- Generated by org.testng.reporters.JUnitXMLReporter -->
<testsuite ignored="0" hostname="DESKTOP-IMPERIUS" failures="4" tests="8" name="Assertion" time="0.021" errors="0" timestamp="2024-06-18T17:28:09 CEST">
  <testcase classname="Package_1.Assertion" name="test1" time="0.003"/>
  <testcase classname="Package_1.Assertion" name="test2" time="0.001">
    <failure type="java.lang.AssertionError" message="Test to check title expected [comrevo] but found [parag]">
      <![CDATA[java.lang.AssertionError: Test to check title expected [comrevo] but found [parag]
at Package_1.Assertion.test2(Assertion.java:25)
at java.base/java.util.ArrayList.forEach(ArrayList.java:1511)
... Removed 32 stack frames]]>
    </failure>
  </testcase> <!-- test2 -->
  <testcase classname="Package_1.Assertion" name="test3" time="0.001"/>
  <testcase classname="Package_1.Assertion" name="test4" time="0.001">
    <failure type="java.lang.AssertionError" message="Test to check login credentials expected [false] but found [true]">
      <![CDATA[java.lang.AssertionError: Test to check login credentials expected [false] but found [true]
at Package_1.Assertion.test4(Assertion.java:45)
at java.base/java.util.ArrayList.forEach(ArrayList.java:1511)
... Removed 32 stack frames]]>
    </failure>
  </testcase> <!-- test4 -->
  <testcase classname="Package_1.Assertion" name="test5" time="0.001"/>
  <testcase classname="Package_1.Assertion" name="test6" time="0.001">
    <failure type="java.lang.AssertionError" message="Test to check login credentials expected [true] but found [false]">
      <![CDATA[java.lang.AssertionError: Test to check login credentials expected [true] but found [false]
at Package_1.Assertion.test6(Assertion.java:65)
at java.base/java.util.ArrayList.forEach(ArrayList.java:1511)
... Removed 30 stack frames]]>
    </failure>
  </testcase> <!-- test6 -->
  <testcase classname="Package_1.Assertion" name="test7" time="0.001"/>
  <testcase classname="Package_1.Assertion" name="test8" time="0.001">
    <failure type="java.lang.AssertionError" message="Test to check login credentials expected [false] but found [true]">
      <![CDATA[java.lang.AssertionError: Test to check login credentials expected [false] but found [true]
at Package_1.Assertion.test8(Assertion.java:85)
at java.base/java.util.ArrayList.forEach(ArrayList.java:1511)
... Removed 30 stack frames]]>
    </failure>
  </testcase> <!-- test8 -->
</testsuite> <!-- Assertion -->
